The system is: Linux - 6.2.16 - x86_64
Compiling the CXX compiler identification source file "CMakeCXXCompilerId.cpp" succeeded.
Compiler: /nix/store/9bv7dcvmfcjnmg5mnqwqlq2wxfn8d7yi-gcc-wrapper-13.2.0/bin/g++ 
Build flags: 
Id flags:  

The output was:
0


Compilation of the CXX compiler identification source "CMakeCXXCompilerId.cpp" produced "a.out"

The CXX compiler identification is GNU, found in "/home/runner/workspace/build/CMakeFiles/3.19.7/CompilerIdCXX/a.out"

Detecting CXX compiler ABI info compiled with the following output:
Change Dir: /home/runner/workspace/build/CMakeFiles/CMakeTmp

Run Build Command(s):/nix/store/cdzpn0rdq810aknww3w9fy3wmw9ixr66-gnumake-4.4.1/bin/make cmTC_af126/fast && /nix/store/cdzpn0rdq810aknww3w9fy3wmw9ixr66-gnumake-4.4.1/bin/make  -f CMakeFiles/cmTC_af126.dir/build.make CMakeFiles/cmTC_af126.dir/build
make[1]: Entering directory '/home/runner/workspace/build/CMakeFiles/CMakeTmp'
Building CXX object CMakeFiles/cmTC_af126.dir/CMakeCXXCompilerABI.cpp.o
/nix/store/9bv7dcvmfcjnmg5mnqwqlq2wxfn8d7yi-gcc-wrapper-13.2.0/bin/g++   -v -o CMakeFiles/cmTC_af126.dir/CMakeCXXCompilerABI.cpp.o -c /nix/store/cbxqzxwlga5pm9rk8qa8fgv5387r540l-cmake-3.19.7/share/cmake-3.19/Modules/CMakeCXXCompilerABI.cpp
Using built-in specs.
COLLECT_GCC=/nix/store/14c6s4xzhy14i2b05s00rjns2j93gzz4-gcc-13.2.0/bin/g++
Target: x86_64-unknown-linux-gnu
Configured with: ../gcc-13.2.0/configure --prefix=/nix/store/eeeeeeeeeeeeeeeeeeeeeeeeeeeeeeee-gcc-13.2.0 --with-gmp-include=/nix/store/eeeeeeeeeeeeeeeeeeeeeeeeeeeeeeee-gmp-6.3.0-dev/include --with-gmp-lib=/nix/store/eeeeeeeeeeeeeeeeeeeeeeeeeeeeeeee-gmp-6.3.0/lib --with-mpfr-include=/nix/store/eeeeeeeeeeeeeeeeeeeeeeeeeeeeeeee-mpfr-4.2.1-dev/include --with-mpfr-lib=/nix/store/eeeeeeeeeeeeeeeeeeeeeeeeeeeeeeee-mpfr-4.2.1/lib --with-mpc=/nix/store/eeeeeeeeeeeeeeeeeeeeeeeeeeeeeeee-libmpc-1.3.1 --with-native-system-header-dir=/nix/store/eeeeeeeeeeeeeeeeeeeeeeeeeeeeeeee-glibc-2.39-52-dev/include --with-build-sysroot=/ --with-gxx-include-dir=/nix/store/eeeeeeeeeeeeeeeeeeeeeeeeeeeeeeee-gcc-13.2.0/include/c++/13.2.0/ --program-prefix= --enable-lto --disable-libstdcxx-pch --without-included-gettext --with-system-zlib --enable-static --enable-languages=c,c++ --disable-multilib --enable-plugin --disable-libcc1 --with-isl=/nix/store/eeeeeeeeeeeeeeeeeeeeeeeeeeeeeeee-isl-0.20 --disable-bootstrap --build=x86_64-unknown-linux-gnu --host=x86_64-unknown-linux-gnu --target=x86_64-unknown-linux-gnu
Thread model: posix
Supported LTO compression algorithms: zlib
gcc version 13.2.0 (GCC) 
COLLECT_GCC_OPTIONS='-v' '-o' 'CMakeFiles/cmTC_af126.dir/CMakeCXXCompilerABI.cpp.o' '-c' '-B' '/nix/store/k7zgvzp2r31zkg9xqgjim7mbknryv6bs-glibc-2.39-52/lib/' '-idirafter' '/nix/store/fwh4fxd747m0py3ib3s5abamia9nrf90-glibc-2.39-52-dev/include' '-idirafter' '/nix/store/14c6s4xzhy14i2b05s00rjns2j93gzz4-gcc-13.2.0/lib/gcc/x86_64-unknown-linux-gnu/13.2.0/include-fixed' '-B' '/nix/store/xvzz97yk73hw03v5dhhz3j47ggwf1yq1-gcc-13.2.0-lib/lib' '-B' '/nix/store/9bv7dcvmfcjnmg5mnqwqlq2wxfn8d7yi-gcc-wrapper-13.2.0/bin/' '-shared-libgcc' '-mtune=generic' '-march=x86-64' '-dumpdir' 'CMakeFiles/cmTC_af126.dir/'
 /nix/store/14c6s4xzhy14i2b05s00rjns2j93gzz4-gcc-13.2.0/libexec/gcc/x86_64-unknown-linux-gnu/13.2.0/cc1plus -quiet -v -D_GNU_SOURCE -idirafter /nix/store/fwh4fxd747m0py3ib3s5abamia9nrf90-glibc-2.39-52-dev/include -idirafter /nix/store/14c6s4xzhy14i2b05s00rjns2j93gzz4-gcc-13.2.0/lib/gcc/x86_64-unknown-linux-gnu/13.2.0/include-fixed /nix/store/cbxqzxwlga5pm9rk8qa8fgv5387r540l-cmake-3.19.7/share/cmake-3.19/Modules/CMakeCXXCompilerABI.cpp -quiet -dumpdir CMakeFiles/cmTC_af126.dir/ -dumpbase CMakeCXXCompilerABI.cpp.cpp -dumpbase-ext .cpp -mtune=generic -march=x86-64 -version -o /tmp/cc2jB6Pg.s
GNU C++17 (GCC) version 13.2.0 (x86_64-unknown-linux-gnu)
	compiled by GNU C version 13.2.0, GMP version 6.3.0, MPFR version 4.2.1, MPC version 1.3.1, isl version isl-0.20-GMP

GGC heuristics: --param ggc-min-expand=100 --param ggc-min-heapsize=131072
ignoring nonexistent directory "/nix/store/14c6s4xzhy14i2b05s00rjns2j93gzz4-gcc-13.2.0/lib/gcc/x86_64-unknown-linux-gnu/13.2.0/../../../../x86_64-unknown-linux-gnu/include"
ignoring duplicate directory "/nix/store/fwh4fxd747m0py3ib3s5abamia9nrf90-glibc-2.39-52-dev/include"
ignoring duplicate directory "/nix/store/14c6s4xzhy14i2b05s00rjns2j93gzz4-gcc-13.2.0/lib/gcc/x86_64-unknown-linux-gnu/13.2.0/include-fixed"
#include "..." search starts here:
#include <...> search starts here:
 /nix/store/14c6s4xzhy14i2b05s00rjns2j93gzz4-gcc-13.2.0/include/c++/13.2.0/
 /nix/store/14c6s4xzhy14i2b05s00rjns2j93gzz4-gcc-13.2.0/include/c++/13.2.0//x86_64-unknown-linux-gnu
 /nix/store/14c6s4xzhy14i2b05s00rjns2j93gzz4-gcc-13.2.0/include/c++/13.2.0//backward
 /nix/store/14c6s4xzhy14i2b05s00rjns2j93gzz4-gcc-13.2.0/lib/gcc/x86_64-unknown-linux-gnu/13.2.0/include
 /nix/store/14c6s4xzhy14i2b05s00rjns2j93gzz4-gcc-13.2.0/include
 /nix/store/14c6s4xzhy14i2b05s00rjns2j93gzz4-gcc-13.2.0/lib/gcc/x86_64-unknown-linux-gnu/13.2.0/include-fixed
 /nix/store/fwh4fxd747m0py3ib3s5abamia9nrf90-glibc-2.39-52-dev/include
End of search list.
Compiler executable checksum: 2696fff0182f4b78ede178f6e2edb240
COLLECT_GCC_OPTIONS='-v' '-o' 'CMakeFiles/cmTC_af126.dir/CMakeCXXCompilerABI.cpp.o' '-c' '-B' '/nix/store/k7zgvzp2r31zkg9xqgjim7mbknryv6bs-glibc-2.39-52/lib/' '-idirafter' '/nix/store/fwh4fxd747m0py3ib3s5abamia9nrf90-glibc-2.39-52-dev/include' '-idirafter' '/nix/store/14c6s4xzhy14i2b05s00rjns2j93gzz4-gcc-13.2.0/lib/gcc/x86_64-unknown-linux-gnu/13.2.0/include-fixed' '-B' '/nix/store/xvzz97yk73hw03v5dhhz3j47ggwf1yq1-gcc-13.2.0-lib/lib' '-B' '/nix/store/9bv7dcvmfcjnmg5mnqwqlq2wxfn8d7yi-gcc-wrapper-13.2.0/bin/' '-shared-libgcc' '-mtune=generic' '-march=x86-64' '-dumpdir' 'CMakeFiles/cmTC_af126.dir/'
 /nix/store/9bv7dcvmfcjnmg5mnqwqlq2wxfn8d7yi-gcc-wrapper-13.2.0/bin/as -v --64 -o CMakeFiles/cmTC_af126.dir/CMakeCXXCompilerABI.cpp.o /tmp/cc2jB6Pg.s
GNU assembler version 2.41 (x86_64-unknown-linux-gnu) using BFD version (GNU Binutils) 2.41
COMPILER_PATH=/nix/store/k7zgvzp2r31zkg9xqgjim7mbknryv6bs-glibc-2.39-52/lib/:/nix/store/xvzz97yk73hw03v5dhhz3j47ggwf1yq1-gcc-13.2.0-lib/lib/:/nix/store/9bv7dcvmfcjnmg5mnqwqlq2wxfn8d7yi-gcc-wrapper-13.2.0/bin/:/nix/store/14c6s4xzhy14i2b05s00rjns2j93gzz4-gcc-13.2.0/libexec/gcc/x86_64-unknown-linux-gnu/13.2.0/:/nix/store/14c6s4xzhy14i2b05s00rjns2j93gzz4-gcc-13.2.0/libexec/gcc/x86_64-unknown-linux-gnu/13.2.0/:/nix/store/14c6s4xzhy14i2b05s00rjns2j93gzz4-gcc-13.2.0/libexec/gcc/x86_64-unknown-linux-gnu/:/nix/store/14c6s4xzhy14i2b05s00rjns2j93gzz4-gcc-13.2.0/lib/gcc/x86_64-unknown-linux-gnu/13.2.0/:/nix/store/14c6s4xzhy14i2b05s00rjns2j93gzz4-gcc-13.2.0/lib/gcc/x86_64-unknown-linux-gnu/
LIBRARY_PATH=/nix/store/k7zgvzp2r31zkg9xqgjim7mbknryv6bs-glibc-2.39-52/lib/:/nix/store/xvzz97yk73hw03v5dhhz3j47ggwf1yq1-gcc-13.2.0-lib/lib/:/nix/store/9bv7dcvmfcjnmg5mnqwqlq2wxfn8d7yi-gcc-wrapper-13.2.0/bin/:/nix/store/14c6s4xzhy14i2b05s00rjns2j93gzz4-gcc-13.2.0/lib/gcc/x86_64-unknown-linux-gnu/13.2.0/:/nix/store/14c6s4xzhy14i2b05s00rjns2j93gzz4-gcc-13.2.0/lib/gcc/x86_64-unknown-linux-gnu/13.2.0/../../../../lib64/:/nix/store/14c6s4xzhy14i2b05s00rjns2j93gzz4-gcc-13.2.0/lib/gcc/x86_64-unknown-linux-gnu/13.2.0/../../../
COLLECT_GCC_OPTIONS='-v' '-o' 'CMakeFiles/cmTC_af126.dir/CMakeCXXCompilerABI.cpp.o' '-c' '-B' '/nix/store/k7zgvzp2r31zkg9xqgjim7mbknryv6bs-glibc-2.39-52/lib/' '-idirafter' '/nix/store/fwh4fxd747m0py3ib3s5abamia9nrf90-glibc-2.39-52-dev/include' '-idirafter' '/nix/store/14c6s4xzhy14i2b05s00rjns2j93gzz4-gcc-13.2.0/lib/gcc/x86_64-unknown-linux-gnu/13.2.0/include-fixed' '-B' '/nix/store/xvzz97yk73hw03v5dhhz3j47ggwf1yq1-gcc-13.2.0-lib/lib' '-B' '/nix/store/9bv7dcvmfcjnmg5mnqwqlq2wxfn8d7yi-gcc-wrapper-13.2.0/bin/' '-shared-libgcc' '-mtune=generic' '-march=x86-64' '-dumpdir' 'CMakeFiles/cmTC_af126.dir/CMakeCXXCompilerABI.cpp.'
Linking CXX executable cmTC_af126
/nix/store/cbxqzxwlga5pm9rk8qa8fgv5387r540l-cmake-3.19.7/bin/cmake -E cmake_link_script CMakeFiles/cmTC_af126.dir/link.txt --verbose=1
/nix/store/9bv7dcvmfcjnmg5mnqwqlq2wxfn8d7yi-gcc-wrapper-13.2.0/bin/g++  -v CMakeFiles/cmTC_af126.dir/CMakeCXXCompilerABI.cpp.o -o cmTC_af126 
Using built-in specs.
COLLECT_GCC=/nix/store/14c6s4xzhy14i2b05s00rjns2j93gzz4-gcc-13.2.0/bin/g++
COLLECT_LTO_WRAPPER=/nix/store/14c6s4xzhy14i2b05s00rjns2j93gzz4-gcc-13.2.0/libexec/gcc/x86_64-unknown-linux-gnu/13.2.0/lto-wrapper
Target: x86_64-unknown-linux-gnu
Configured with: ../gcc-13.2.0/configure --prefix=/nix/store/eeeeeeeeeeeeeeeeeeeeeeeeeeeeeeee-gcc-13.2.0 --with-gmp-include=/nix/store/eeeeeeeeeeeeeeeeeeeeeeeeeeeeeeee-gmp-6.3.0-dev/include --with-gmp-lib=/nix/store/eeeeeeeeeeeeeeeeeeeeeeeeeeeeeeee-gmp-6.3.0/lib --with-mpfr-include=/nix/store/eeeeeeeeeeeeeeeeeeeeeeeeeeeeeeee-mpfr-4.2.1-dev/include --with-mpfr-lib=/nix/store/eeeeeeeeeeeeeeeeeeeeeeeeeeeeeeee-mpfr-4.2.1/lib --with-mpc=/nix/store/eeeeeeeeeeeeeeeeeeeeeeeeeeeeeeee-libmpc-1.3.1 --with-native-system-header-dir=/nix/store/eeeeeeeeeeeeeeeeeeeeeeeeeeeeeeee-glibc-2.39-52-dev/include --with-build-sysroot=/ --with-gxx-include-dir=/nix/store/eeeeeeeeeeeeeeeeeeeeeeeeeeeeeeee-gcc-13.2.0/include/c++/13.2.0/ --program-prefix= --enable-lto --disable-libstdcxx-pch --without-included-gettext --with-system-zlib --enable-static --enable-languages=c,c++ --disable-multilib --enable-plugin --disable-libcc1 --with-isl=/nix/store/eeeeeeeeeeeeeeeeeeeeeeeeeeeeeeee-isl-0.20 --disable-bootstrap --build=x86_64-unknown-linux-gnu --host=x86_64-unknown-linux-gnu --target=x86_64-unknown-linux-gnu
Thread model: posix
Supported LTO compression algorithms: zlib
gcc version 13.2.0 (GCC) 
COMPILER_PATH=/nix/store/k7zgvzp2r31zkg9xqgjim7mbknryv6bs-glibc-2.39-52/lib/:/nix/store/xvzz97yk73hw03v5dhhz3j47ggwf1yq1-gcc-13.2.0-lib/lib/:/nix/store/9bv7dcvmfcjnmg5mnqwqlq2wxfn8d7yi-gcc-wrapper-13.2.0/bin/:/nix/store/14c6s4xzhy14i2b05s00rjns2j93gzz4-gcc-13.2.0/libexec/gcc/x86_64-unknown-linux-gnu/13.2.0/:/nix/store/14c6s4xzhy14i2b05s00rjns2j93gzz4-gcc-13.2.0/libexec/gcc/x86_64-unknown-linux-gnu/13.2.0/:/nix/store/14c6s4xzhy14i2b05s00rjns2j93gzz4-gcc-13.2.0/libexec/gcc/x86_64-unknown-linux-gnu/:/nix/store/14c6s4xzhy14i2b05s00rjns2j93gzz4-gcc-13.2.0/lib/gcc/x86_64-unknown-linux-gnu/13.2.0/:/nix/store/14c6s4xzhy14i2b05s00rjns2j93gzz4-gcc-13.2.0/lib/gcc/x86_64-unknown-linux-gnu/
LIBRARY_PATH=/nix/store/k7zgvzp2r31zkg9xqgjim7mbknryv6bs-glibc-2.39-52/lib/:/nix/store/xvzz97yk73hw03v5dhhz3j47ggwf1yq1-gcc-13.2.0-lib/lib/:/nix/store/9bv7dcvmfcjnmg5mnqwqlq2wxfn8d7yi-gcc-wrapper-13.2.0/bin/:/nix/store/14c6s4xzhy14i2b05s00rjns2j93gzz4-gcc-13.2.0/lib/gcc/x86_64-unknown-linux-gnu/13.2.0/:/nix/store/14c6s4xzhy14i2b05s00rjns2j93gzz4-gcc-13.2.0/lib/gcc/x86_64-unknown-linux-gnu/13.2.0/../../../../lib64/:/nix/store/14c6s4xzhy14i2b05s00rjns2j93gzz4-gcc-13.2.0/lib/gcc/x86_64-unknown-linux-gnu/13.2.0/../../../
COLLECT_GCC_OPTIONS='-v' '-o' 'cmTC_af126' '-B' '/nix/store/k7zgvzp2r31zkg9xqgjim7mbknryv6bs-glibc-2.39-52/lib/' '-idirafter' '/nix/store/fwh4fxd747m0py3ib3s5abamia9nrf90-glibc-2.39-52-dev/include' '-idirafter' '/nix/store/14c6s4xzhy14i2b05s00rjns2j93gzz4-gcc-13.2.0/lib/gcc/x86_64-unknown-linux-gnu/13.2.0/include-fixed' '-B' '/nix/store/xvzz97yk73hw03v5dhhz3j47ggwf1yq1-gcc-13.2.0-lib/lib' '-B' '/nix/store/9bv7dcvmfcjnmg5mnqwqlq2wxfn8d7yi-gcc-wrapper-13.2.0/bin/' '-L/nix/store/k7zgvzp2r31zkg9xqgjim7mbknryv6bs-glibc-2.39-52/lib' '-L/nix/store/14c6s4xzhy14i2b05s00rjns2j93gzz4-gcc-13.2.0/lib/gcc/x86_64-unknown-linux-gnu/13.2.0' '-L/nix/store/xvzz97yk73hw03v5dhhz3j47ggwf1yq1-gcc-13.2.0-lib/lib' '-L/nix/store/xvzz97yk73hw03v5dhhz3j47ggwf1yq1-gcc-13.2.0-lib/lib' '-shared-libgcc' '-mtune=generic' '-march=x86-64' '-dumpdir' 'cmTC_af126.'
 /nix/store/14c6s4xzhy14i2b05s00rjns2j93gzz4-gcc-13.2.0/libexec/gcc/x86_64-unknown-linux-gnu/13.2.0/collect2 -plugin /nix/store/14c6s4xzhy14i2b05s00rjns2j93gzz4-gcc-13.2.0/libexec/gcc/x86_64-unknown-linux-gnu/13.2.0/liblto_plugin.so -plugin-opt=/nix/store/14c6s4xzhy14i2b05s00rjns2j93gzz4-gcc-13.2.0/libexec/gcc/x86_64-unknown-linux-gnu/13.2.0/lto-wrapper -plugin-opt=-fresolution=/tmp/ccvCio2s.res -plugin-opt=-pass-through=-lgcc_s -plugin-opt=-pass-through=-lgcc -plugin-opt=-pass-through=-lc -plugin-opt=-pass-through=-lgcc_s -plugin-opt=-pass-through=-lgcc --eh-frame-hdr -m elf_x86_64 -dynamic-linker /nix/store/k7zgvzp2r31zkg9xqgjim7mbknryv6bs-glibc-2.39-52/lib64/ld-linux-x86-64.so.2 -o cmTC_af126 /nix/store/k7zgvzp2r31zkg9xqgjim7mbknryv6bs-glibc-2.39-52/lib/crt1.o /nix/store/k7zgvzp2r31zkg9xqgjim7mbknryv6bs-glibc-2.39-52/lib/crti.o /nix/store/14c6s4xzhy14i2b05s00rjns2j93gzz4-gcc-13.2.0/lib/gcc/x86_64-unknown-linux-gnu/13.2.0/crtbegin.o -L/nix/store/k7zgvzp2r31zkg9xqgjim7mbknryv6bs-glibc-2.39-52/lib -L/nix/store/14c6s4xzhy14i2b05s00rjns2j93gzz4-gcc-13.2.0/lib/gcc/x86_64-unknown-linux-gnu/13.2.0 -L/nix/store/xvzz97yk73hw03v5dhhz3j47ggwf1yq1-gcc-13.2.0-lib/lib -L/nix/store/xvzz97yk73hw03v5dhhz3j47ggwf1yq1-gcc-13.2.0-lib/lib -L/nix/store/k7zgvzp2r31zkg9xqgjim7mbknryv6bs-glibc-2.39-52/lib -L/nix/store/xvzz97yk73hw03v5dhhz3j47ggwf1yq1-gcc-13.2.0-lib/lib -L/nix/store/9bv7dcvmfcjnmg5mnqwqlq2wxfn8d7yi-gcc-wrapper-13.2.0/bin -L/nix/store/14c6s4xzhy14i2b05s00rjns2j93gzz4-gcc-13.2.0/lib/gcc/x86_64-unknown-linux-gnu/13.2.0 -L/nix/store/14c6s4xzhy14i2b05s00rjns2j93gzz4-gcc-13.2.0/lib/gcc/x86_64-unknown-linux-gnu/13.2.0/../../../../lib64 -L/nix/store/14c6s4xzhy14i2b05s00rjns2j93gzz4-gcc-13.2.0/lib/gcc/x86_64-unknown-linux-gnu/13.2.0/../../.. -dynamic-linker=/nix/store/k7zgvzp2r31zkg9xqgjim7mbknryv6bs-glibc-2.39-52/lib/ld-linux-x86-64.so.2 CMakeFiles/cmTC_af126.dir/CMakeCXXCompilerABI.cpp.o -lstdc++ -lm -lgcc_s -lgcc -lc -lgcc_s -lgcc /nix/store/14c6s4xzhy14i2b05s00rjns2j93gzz4-gcc-13.2.0/lib/gcc/x86_64-unknown-linux-gnu/13.2.0/crtend.o /nix/store/k7zgvzp2r31zkg9xqgjim7mbknryv6bs-glibc-2.39-52/lib/crtn.o
COLLECT_GCC_OPTIONS='-v' '-o' 'cmTC_af126' '-B' '/nix/store/k7zgvzp2r31zkg9xqgjim7mbknryv6bs-glibc-2.39-52/lib/' '-idirafter' '/nix/store/fwh4fxd747m0py3ib3s5abamia9nrf90-glibc-2.39-52-dev/include' '-idirafter' '/nix/store/14c6s4xzhy14i2b05s00rjns2j93gzz4-gcc-13.2.0/lib/gcc/x86_64-unknown-linux-gnu/13.2.0/include-fixed' '-B' '/nix/store/xvzz97yk73hw03v5dhhz3j47ggwf1yq1-gcc-13.2.0-lib/lib' '-B' '/nix/store/9bv7dcvmfcjnmg5mnqwqlq2wxfn8d7yi-gcc-wrapper-13.2.0/bin/' '-L/nix/store/k7zgvzp2r31zkg9xqgjim7mbknryv6bs-glibc-2.39-52/lib' '-L/nix/store/14c6s4xzhy14i2b05s00rjns2j93gzz4-gcc-13.2.0/lib/gcc/x86_64-unknown-linux-gnu/13.2.0' '-L/nix/store/xvzz97yk73hw03v5dhhz3j47ggwf1yq1-gcc-13.2.0-lib/lib' '-L/nix/store/xvzz97yk73hw03v5dhhz3j47ggwf1yq1-gcc-13.2.0-lib/lib' '-shared-libgcc' '-mtune=generic' '-march=x86-64' '-dumpdir' 'cmTC_af126.'
make[1]: Leaving directory '/home/runner/workspace/build/CMakeFiles/CMakeTmp'



Parsed CXX implicit include dir info from above output: rv=done
  found start of include info
  found start of implicit include info
    add: [/nix/store/14c6s4xzhy14i2b05s00rjns2j93gzz4-gcc-13.2.0/include/c++/13.2.0/]
    add: [/nix/store/14c6s4xzhy14i2b05s00rjns2j93gzz4-gcc-13.2.0/include/c++/13.2.0//x86_64-unknown-linux-gnu]
    add: [/nix/store/14c6s4xzhy14i2b05s00rjns2j93gzz4-gcc-13.2.0/include/c++/13.2.0//backward]
    add: [/nix/store/14c6s4xzhy14i2b05s00rjns2j93gzz4-gcc-13.2.0/lib/gcc/x86_64-unknown-linux-gnu/13.2.0/include]
    add: [/nix/store/14c6s4xzhy14i2b05s00rjns2j93gzz4-gcc-13.2.0/include]
    add: [/nix/store/14c6s4xzhy14i2b05s00rjns2j93gzz4-gcc-13.2.0/lib/gcc/x86_64-unknown-linux-gnu/13.2.0/include-fixed]
    add: [/nix/store/fwh4fxd747m0py3ib3s5abamia9nrf90-glibc-2.39-52-dev/include]
  end of search list found
  collapse include dir [/nix/store/14c6s4xzhy14i2b05s00rjns2j93gzz4-gcc-13.2.0/include/c++/13.2.0/] ==> [/nix/store/14c6s4xzhy14i2b05s00rjns2j93gzz4-gcc-13.2.0/include/c++/13.2.0]
  collapse include dir [/nix/store/14c6s4xzhy14i2b05s00rjns2j93gzz4-gcc-13.2.0/include/c++/13.2.0//x86_64-unknown-linux-gnu] ==> [/nix/store/14c6s4xzhy14i2b05s00rjns2j93gzz4-gcc-13.2.0/include/c++/13.2.0/x86_64-unknown-linux-gnu]
  collapse include dir [/nix/store/14c6s4xzhy14i2b05s00rjns2j93gzz4-gcc-13.2.0/include/c++/13.2.0//backward] ==> [/nix/store/14c6s4xzhy14i2b05s00rjns2j93gzz4-gcc-13.2.0/include/c++/13.2.0/backward]
  collapse include dir [/nix/store/14c6s4xzhy14i2b05s00rjns2j93gzz4-gcc-13.2.0/lib/gcc/x86_64-unknown-linux-gnu/13.2.0/include] ==> [/nix/store/14c6s4xzhy14i2b05s00rjns2j93gzz4-gcc-13.2.0/lib/gcc/x86_64-unknown-linux-gnu/13.2.0/include]
  collapse include dir [/nix/store/14c6s4xzhy14i2b05s00rjns2j93gzz4-gcc-13.2.0/include] ==> [/nix/store/14c6s4xzhy14i2b05s00rjns2j93gzz4-gcc-13.2.0/include]
  collapse include dir [/nix/store/14c6s4xzhy14i2b05s00rjns2j93gzz4-gcc-13.2.0/lib/gcc/x86_64-unknown-linux-gnu/13.2.0/include-fixed] ==> [/nix/store/14c6s4xzhy14i2b05s00rjns2j93gzz4-gcc-13.2.0/lib/gcc/x86_64-unknown-linux-gnu/13.2.0/include-fixed]
  collapse include dir [/nix/store/fwh4fxd747m0py3ib3s5abamia9nrf90-glibc-2.39-52-dev/include] ==> [/nix/store/fwh4fxd747m0py3ib3s5abamia9nrf90-glibc-2.39-52-dev/include]
  implicit include dirs: [/nix/store/14c6s4xzhy14i2b05s00rjns2j93gzz4-gcc-13.2.0/include/c++/13.2.0;/nix/store/14c6s4xzhy14i2b05s00rjns2j93gzz4-gcc-13.2.0/include/c++/13.2.0/x86_64-unknown-linux-gnu;/nix/store/14c6s4xzhy14i2b05s00rjns2j93gzz4-gcc-13.2.0/include/c++/13.2.0/backward;/nix/store/14c6s4xzhy14i2b05s00rjns2j93gzz4-gcc-13.2.0/lib/gcc/x86_64-unknown-linux-gnu/13.2.0/include;/nix/store/14c6s4xzhy14i2b05s00rjns2j93gzz4-gcc-13.2.0/include;/nix/store/14c6s4xzhy14i2b05s00rjns2j93gzz4-gcc-13.2.0/lib/gcc/x86_64-unknown-linux-gnu/13.2.0/include-fixed;/nix/store/fwh4fxd747m0py3ib3s5abamia9nrf90-glibc-2.39-52-dev/include]


Parsed CXX implicit link information from above output:
  link line regex: [^( *|.*[/\])(ld|CMAKE_LINK_STARTFILE-NOTFOUND|([^/\]+-)?ld|collect2)[^/\]*( |$)]
  ignore line: [Change Dir: /home/runner/workspace/build/CMakeFiles/CMakeTmp]
  ignore line: []
  ignore line: [Run Build Command(s):/nix/store/cdzpn0rdq810aknww3w9fy3wmw9ixr66-gnumake-4.4.1/bin/make cmTC_af126/fast && /nix/store/cdzpn0rdq810aknww3w9fy3wmw9ixr66-gnumake-4.4.1/bin/make  -f CMakeFiles/cmTC_af126.dir/build.make CMakeFiles/cmTC_af126.dir/build]
  ignore line: [make[1]: Entering directory '/home/runner/workspace/build/CMakeFiles/CMakeTmp']
  ignore line: [Building CXX object CMakeFiles/cmTC_af126.dir/CMakeCXXCompilerABI.cpp.o]
  ignore line: [/nix/store/9bv7dcvmfcjnmg5mnqwqlq2wxfn8d7yi-gcc-wrapper-13.2.0/bin/g++   -v -o CMakeFiles/cmTC_af126.dir/CMakeCXXCompilerABI.cpp.o -c /nix/store/cbxqzxwlga5pm9rk8qa8fgv5387r540l-cmake-3.19.7/share/cmake-3.19/Modules/CMakeCXXCompilerABI.cpp]
  ignore line: [Using built-in specs.]
  ignore line: [COLLECT_GCC=/nix/store/14c6s4xzhy14i2b05s00rjns2j93gzz4-gcc-13.2.0/bin/g++]
  ignore line: [Target: x86_64-unknown-linux-gnu]
  ignore line: [Configured with: ../gcc-13.2.0/configure --prefix=/nix/store/eeeeeeeeeeeeeeeeeeeeeeeeeeeeeeee-gcc-13.2.0 --with-gmp-include=/nix/store/eeeeeeeeeeeeeeeeeeeeeeeeeeeeeeee-gmp-6.3.0-dev/include --with-gmp-lib=/nix/store/eeeeeeeeeeeeeeeeeeeeeeeeeeeeeeee-gmp-6.3.0/lib --with-mpfr-include=/nix/store/eeeeeeeeeeeeeeeeeeeeeeeeeeeeeeee-mpfr-4.2.1-dev/include --with-mpfr-lib=/nix/store/eeeeeeeeeeeeeeeeeeeeeeeeeeeeeeee-mpfr-4.2.1/lib --with-mpc=/nix/store/eeeeeeeeeeeeeeeeeeeeeeeeeeeeeeee-libmpc-1.3.1 --with-native-system-header-dir=/nix/store/eeeeeeeeeeeeeeeeeeeeeeeeeeeeeeee-glibc-2.39-52-dev/include --with-build-sysroot=/ --with-gxx-include-dir=/nix/store/eeeeeeeeeeeeeeeeeeeeeeeeeeeeeeee-gcc-13.2.0/include/c++/13.2.0/ --program-prefix= --enable-lto --disable-libstdcxx-pch --without-included-gettext --with-system-zlib --enable-static --enable-languages=c c++ --disable-multilib --enable-plugin --disable-libcc1 --with-isl=/nix/store/eeeeeeeeeeeeeeeeeeeeeeeeeeeeeeee-isl-0.20 --disable-bootstrap --build=x86_64-unknown-linux-gnu --host=x86_64-unknown-linux-gnu --target=x86_64-unknown-linux-gnu]
  ignore line: [Thread model: posix]
  ignore line: [Supported LTO compression algorithms: zlib]
  ignore line: [gcc version 13.2.0 (GCC) ]
  ignore line: [COLLECT_GCC_OPTIONS='-v' '-o' 'CMakeFiles/cmTC_af126.dir/CMakeCXXCompilerABI.cpp.o' '-c' '-B' '/nix/store/k7zgvzp2r31zkg9xqgjim7mbknryv6bs-glibc-2.39-52/lib/' '-idirafter' '/nix/store/fwh4fxd747m0py3ib3s5abamia9nrf90-glibc-2.39-52-dev/include' '-idirafter' '/nix/store/14c6s4xzhy14i2b05s00rjns2j93gzz4-gcc-13.2.0/lib/gcc/x86_64-unknown-linux-gnu/13.2.0/include-fixed' '-B' '/nix/store/xvzz97yk73hw03v5dhhz3j47ggwf1yq1-gcc-13.2.0-lib/lib' '-B' '/nix/store/9bv7dcvmfcjnmg5mnqwqlq2wxfn8d7yi-gcc-wrapper-13.2.0/bin/' '-shared-libgcc' '-mtune=generic' '-march=x86-64' '-dumpdir' 'CMakeFiles/cmTC_af126.dir/']
  ignore line: [ /nix/store/14c6s4xzhy14i2b05s00rjns2j93gzz4-gcc-13.2.0/libexec/gcc/x86_64-unknown-linux-gnu/13.2.0/cc1plus -quiet -v -D_GNU_SOURCE -idirafter /nix/store/fwh4fxd747m0py3ib3s5abamia9nrf90-glibc-2.39-52-dev/include -idirafter /nix/store/14c6s4xzhy14i2b05s00rjns2j93gzz4-gcc-13.2.0/lib/gcc/x86_64-unknown-linux-gnu/13.2.0/include-fixed /nix/store/cbxqzxwlga5pm9rk8qa8fgv5387r540l-cmake-3.19.7/share/cmake-3.19/Modules/CMakeCXXCompilerABI.cpp -quiet -dumpdir CMakeFiles/cmTC_af126.dir/ -dumpbase CMakeCXXCompilerABI.cpp.cpp -dumpbase-ext .cpp -mtune=generic -march=x86-64 -version -o /tmp/cc2jB6Pg.s]
  ignore line: [GNU C++17 (GCC) version 13.2.0 (x86_64-unknown-linux-gnu)]
  ignore line: [	compiled by GNU C version 13.2.0  GMP version 6.3.0  MPFR version 4.2.1  MPC version 1.3.1  isl version isl-0.20-GMP]
  ignore line: []
  ignore line: [GGC heuristics: --param ggc-min-expand=100 --param ggc-min-heapsize=131072]
  ignore line: [ignoring nonexistent directory "/nix/store/14c6s4xzhy14i2b05s00rjns2j93gzz4-gcc-13.2.0/lib/gcc/x86_64-unknown-linux-gnu/13.2.0/../../../../x86_64-unknown-linux-gnu/include"]
  ignore line: [ignoring duplicate directory "/nix/store/fwh4fxd747m0py3ib3s5abamia9nrf90-glibc-2.39-52-dev/include"]
  ignore line: [ignoring duplicate directory "/nix/store/14c6s4xzhy14i2b05s00rjns2j93gzz4-gcc-13.2.0/lib/gcc/x86_64-unknown-linux-gnu/13.2.0/include-fixed"]
  ignore line: [#include "..." search starts here:]
  ignore line: [#include <...> search starts here:]
  ignore line: [ /nix/store/14c6s4xzhy14i2b05s00rjns2j93gzz4-gcc-13.2.0/include/c++/13.2.0/]
  ignore line: [ /nix/store/14c6s4xzhy14i2b05s00rjns2j93gzz4-gcc-13.2.0/include/c++/13.2.0//x86_64-unknown-linux-gnu]
  ignore line: [ /nix/store/14c6s4xzhy14i2b05s00rjns2j93gzz4-gcc-13.2.0/include/c++/13.2.0//backward]
  ignore line: [ /nix/store/14c6s4xzhy14i2b05s00rjns2j93gzz4-gcc-13.2.0/lib/gcc/x86_64-unknown-linux-gnu/13.2.0/include]
  ignore line: [ /nix/store/14c6s4xzhy14i2b05s00rjns2j93gzz4-gcc-13.2.0/include]
  ignore line: [ /nix/store/14c6s4xzhy14i2b05s00rjns2j93gzz4-gcc-13.2.0/lib/gcc/x86_64-unknown-linux-gnu/13.2.0/include-fixed]
  ignore line: [ /nix/store/fwh4fxd747m0py3ib3s5abamia9nrf90-glibc-2.39-52-dev/include]
  ignore line: [End of search list.]
  ignore line: [Compiler executable checksum: 2696fff0182f4b78ede178f6e2edb240]
  ignore line: [COLLECT_GCC_OPTIONS='-v' '-o' 'CMakeFiles/cmTC_af126.dir/CMakeCXXCompilerABI.cpp.o' '-c' '-B' '/nix/store/k7zgvzp2r31zkg9xqgjim7mbknryv6bs-glibc-2.39-52/lib/' '-idirafter' '/nix/store/fwh4fxd747m0py3ib3s5abamia9nrf90-glibc-2.39-52-dev/include' '-idirafter' '/nix/store/14c6s4xzhy14i2b05s00rjns2j93gzz4-gcc-13.2.0/lib/gcc/x86_64-unknown-linux-gnu/13.2.0/include-fixed' '-B' '/nix/store/xvzz97yk73hw03v5dhhz3j47ggwf1yq1-gcc-13.2.0-lib/lib' '-B' '/nix/store/9bv7dcvmfcjnmg5mnqwqlq2wxfn8d7yi-gcc-wrapper-13.2.0/bin/' '-shared-libgcc' '-mtune=generic' '-march=x86-64' '-dumpdir' 'CMakeFiles/cmTC_af126.dir/']
  ignore line: [ /nix/store/9bv7dcvmfcjnmg5mnqwqlq2wxfn8d7yi-gcc-wrapper-13.2.0/bin/as -v --64 -o CMakeFiles/cmTC_af126.dir/CMakeCXXCompilerABI.cpp.o /tmp/cc2jB6Pg.s]
  ignore line: [GNU assembler version 2.41 (x86_64-unknown-linux-gnu) using BFD version (GNU Binutils) 2.41]
  ignore line: [COMPILER_PATH=/nix/store/k7zgvzp2r31zkg9xqgjim7mbknryv6bs-glibc-2.39-52/lib/:/nix/store/xvzz97yk73hw03v5dhhz3j47ggwf1yq1-gcc-13.2.0-lib/lib/:/nix/store/9bv7dcvmfcjnmg5mnqwqlq2wxfn8d7yi-gcc-wrapper-13.2.0/bin/:/nix/store/14c6s4xzhy14i2b05s00rjns2j93gzz4-gcc-13.2.0/libexec/gcc/x86_64-unknown-linux-gnu/13.2.0/:/nix/store/14c6s4xzhy14i2b05s00rjns2j93gzz4-gcc-13.2.0/libexec/gcc/x86_64-unknown-linux-gnu/13.2.0/:/nix/store/14c6s4xzhy14i2b05s00rjns2j93gzz4-gcc-13.2.0/libexec/gcc/x86_64-unknown-linux-gnu/:/nix/store/14c6s4xzhy14i2b05s00rjns2j93gzz4-gcc-13.2.0/lib/gcc/x86_64-unknown-linux-gnu/13.2.0/:/nix/store/14c6s4xzhy14i2b05s00rjns2j93gzz4-gcc-13.2.0/lib/gcc/x86_64-unknown-linux-gnu/]
  ignore line: [LIBRARY_PATH=/nix/store/k7zgvzp2r31zkg9xqgjim7mbknryv6bs-glibc-2.39-52/lib/:/nix/store/xvzz97yk73hw03v5dhhz3j47ggwf1yq1-gcc-13.2.0-lib/lib/:/nix/store/9bv7dcvmfcjnmg5mnqwqlq2wxfn8d7yi-gcc-wrapper-13.2.0/bin/:/nix/store/14c6s4xzhy14i2b05s00rjns2j93gzz4-gcc-13.2.0/lib/gcc/x86_64-unknown-linux-gnu/13.2.0/:/nix/store/14c6s4xzhy14i2b05s00rjns2j93gzz4-gcc-13.2.0/lib/gcc/x86_64-unknown-linux-gnu/13.2.0/../../../../lib64/:/nix/store/14c6s4xzhy14i2b05s00rjns2j93gzz4-gcc-13.2.0/lib/gcc/x86_64-unknown-linux-gnu/13.2.0/../../../]
  ignore line: [COLLECT_GCC_OPTIONS='-v' '-o' 'CMakeFiles/cmTC_af126.dir/CMakeCXXCompilerABI.cpp.o' '-c' '-B' '/nix/store/k7zgvzp2r31zkg9xqgjim7mbknryv6bs-glibc-2.39-52/lib/' '-idirafter' '/nix/store/fwh4fxd747m0py3ib3s5abamia9nrf90-glibc-2.39-52-dev/include' '-idirafter' '/nix/store/14c6s4xzhy14i2b05s00rjns2j93gzz4-gcc-13.2.0/lib/gcc/x86_64-unknown-linux-gnu/13.2.0/include-fixed' '-B' '/nix/store/xvzz97yk73hw03v5dhhz3j47ggwf1yq1-gcc-13.2.0-lib/lib' '-B' '/nix/store/9bv7dcvmfcjnmg5mnqwqlq2wxfn8d7yi-gcc-wrapper-13.2.0/bin/' '-shared-libgcc' '-mtune=generic' '-march=x86-64' '-dumpdir' 'CMakeFiles/cmTC_af126.dir/CMakeCXXCompilerABI.cpp.']
  ignore line: [Linking CXX executable cmTC_af126]
  ignore line: [/nix/store/cbxqzxwlga5pm9rk8qa8fgv5387r540l-cmake-3.19.7/bin/cmake -E cmake_link_script CMakeFiles/cmTC_af126.dir/link.txt --verbose=1]
  ignore line: [/nix/store/9bv7dcvmfcjnmg5mnqwqlq2wxfn8d7yi-gcc-wrapper-13.2.0/bin/g++  -v CMakeFiles/cmTC_af126.dir/CMakeCXXCompilerABI.cpp.o -o cmTC_af126 ]
  ignore line: [Using built-in specs.]
  ignore line: [COLLECT_GCC=/nix/store/14c6s4xzhy14i2b05s00rjns2j93gzz4-gcc-13.2.0/bin/g++]
  ignore line: [COLLECT_LTO_WRAPPER=/nix/store/14c6s4xzhy14i2b05s00rjns2j93gzz4-gcc-13.2.0/libexec/gcc/x86_64-unknown-linux-gnu/13.2.0/lto-wrapper]
  ignore line: [Target: x86_64-unknown-linux-gnu]
  ignore line: [Configured with: ../gcc-13.2.0/configure --prefix=/nix/store/eeeeeeeeeeeeeeeeeeeeeeeeeeeeeeee-gcc-13.2.0 --with-gmp-include=/nix/store/eeeeeeeeeeeeeeeeeeeeeeeeeeeeeeee-gmp-6.3.0-dev/include --with-gmp-lib=/nix/store/eeeeeeeeeeeeeeeeeeeeeeeeeeeeeeee-gmp-6.3.0/lib --with-mpfr-include=/nix/store/eeeeeeeeeeeeeeeeeeeeeeeeeeeeeeee-mpfr-4.2.1-dev/include --with-mpfr-lib=/nix/store/eeeeeeeeeeeeeeeeeeeeeeeeeeeeeeee-mpfr-4.2.1/lib --with-mpc=/nix/store/eeeeeeeeeeeeeeeeeeeeeeeeeeeeeeee-libmpc-1.3.1 --with-native-system-header-dir=/nix/store/eeeeeeeeeeeeeeeeeeeeeeeeeeeeeeee-glibc-2.39-52-dev/include --with-build-sysroot=/ --with-gxx-include-dir=/nix/store/eeeeeeeeeeeeeeeeeeeeeeeeeeeeeeee-gcc-13.2.0/include/c++/13.2.0/ --program-prefix= --enable-lto --disable-libstdcxx-pch --without-included-gettext --with-system-zlib --enable-static --enable-languages=c c++ --disable-multilib --enable-plugin --disable-libcc1 --with-isl=/nix/store/eeeeeeeeeeeeeeeeeeeeeeeeeeeeeeee-isl-0.20 --disable-bootstrap --build=x86_64-unknown-linux-gnu --host=x86_64-unknown-linux-gnu --target=x86_64-unknown-linux-gnu]
  ignore line: [Thread model: posix]
  ignore line: [Supported LTO compression algorithms: zlib]
  ignore line: [gcc version 13.2.0 (GCC) ]
  ignore line: [COMPILER_PATH=/nix/store/k7zgvzp2r31zkg9xqgjim7mbknryv6bs-glibc-2.39-52/lib/:/nix/store/xvzz97yk73hw03v5dhhz3j47ggwf1yq1-gcc-13.2.0-lib/lib/:/nix/store/9bv7dcvmfcjnmg5mnqwqlq2wxfn8d7yi-gcc-wrapper-13.2.0/bin/:/nix/store/14c6s4xzhy14i2b05s00rjns2j93gzz4-gcc-13.2.0/libexec/gcc/x86_64-unknown-linux-gnu/13.2.0/:/nix/store/14c6s4xzhy14i2b05s00rjns2j93gzz4-gcc-13.2.0/libexec/gcc/x86_64-unknown-linux-gnu/13.2.0/:/nix/store/14c6s4xzhy14i2b05s00rjns2j93gzz4-gcc-13.2.0/libexec/gcc/x86_64-unknown-linux-gnu/:/nix/store/14c6s4xzhy14i2b05s00rjns2j93gzz4-gcc-13.2.0/lib/gcc/x86_64-unknown-linux-gnu/13.2.0/:/nix/store/14c6s4xzhy14i2b05s00rjns2j93gzz4-gcc-13.2.0/lib/gcc/x86_64-unknown-linux-gnu/]
  ignore line: [LIBRARY_PATH=/nix/store/k7zgvzp2r31zkg9xqgjim7mbknryv6bs-glibc-2.39-52/lib/:/nix/store/xvzz97yk73hw03v5dhhz3j47ggwf1yq1-gcc-13.2.0-lib/lib/:/nix/store/9bv7dcvmfcjnmg5mnqwqlq2wxfn8d7yi-gcc-wrapper-13.2.0/bin/:/nix/store/14c6s4xzhy14i2b05s00rjns2j93gzz4-gcc-13.2.0/lib/gcc/x86_64-unknown-linux-gnu/13.2.0/:/nix/store/14c6s4xzhy14i2b05s00rjns2j93gzz4-gcc-13.2.0/lib/gcc/x86_64-unknown-linux-gnu/13.2.0/../../../../lib64/:/nix/store/14c6s4xzhy14i2b05s00rjns2j93gzz4-gcc-13.2.0/lib/gcc/x86_64-unknown-linux-gnu/13.2.0/../../../]
  ignore line: [COLLECT_GCC_OPTIONS='-v' '-o' 'cmTC_af126' '-B' '/nix/store/k7zgvzp2r31zkg9xqgjim7mbknryv6bs-glibc-2.39-52/lib/' '-idirafter' '/nix/store/fwh4fxd747m0py3ib3s5abamia9nrf90-glibc-2.39-52-dev/include' '-idirafter' '/nix/store/14c6s4xzhy14i2b05s00rjns2j93gzz4-gcc-13.2.0/lib/gcc/x86_64-unknown-linux-gnu/13.2.0/include-fixed' '-B' '/nix/store/xvzz97yk73hw03v5dhhz3j47ggwf1yq1-gcc-13.2.0-lib/lib' '-B' '/nix/store/9bv7dcvmfcjnmg5mnqwqlq2wxfn8d7yi-gcc-wrapper-13.2.0/bin/' '-L/nix/store/k7zgvzp2r31zkg9xqgjim7mbknryv6bs-glibc-2.39-52/lib' '-L/nix/store/14c6s4xzhy14i2b05s00rjns2j93gzz4-gcc-13.2.0/lib/gcc/x86_64-unknown-linux-gnu/13.2.0' '-L/nix/store/xvzz97yk73hw03v5dhhz3j47ggwf1yq1-gcc-13.2.0-lib/lib' '-L/nix/store/xvzz97yk73hw03v5dhhz3j47ggwf1yq1-gcc-13.2.0-lib/lib' '-shared-libgcc' '-mtune=generic' '-march=x86-64' '-dumpdir' 'cmTC_af126.']
  link line: [ /nix/store/14c6s4xzhy14i2b05s00rjns2j93gzz4-gcc-13.2.0/libexec/gcc/x86_64-unknown-linux-gnu/13.2.0/collect2 -plugin /nix/store/14c6s4xzhy14i2b05s00rjns2j93gzz4-gcc-13.2.0/libexec/gcc/x86_64-unknown-linux-gnu/13.2.0/liblto_plugin.so -plugin-opt=/nix/store/14c6s4xzhy14i2b05s00rjns2j93gzz4-gcc-13.2.0/libexec/gcc/x86_64-unknown-linux-gnu/13.2.0/lto-wrapper -plugin-opt=-fresolution=/tmp/ccvCio2s.res -plugin-opt=-pass-through=-lgcc_s -plugin-opt=-pass-through=-lgcc -plugin-opt=-pass-through=-lc -plugin-opt=-pass-through=-lgcc_s -plugin-opt=-pass-through=-lgcc --eh-frame-hdr -m elf_x86_64 -dynamic-linker /nix/store/k7zgvzp2r31zkg9xqgjim7mbknryv6bs-glibc-2.39-52/lib64/ld-linux-x86-64.so.2 -o cmTC_af126 /nix/store/k7zgvzp2r31zkg9xqgjim7mbknryv6bs-glibc-2.39-52/lib/crt1.o /nix/store/k7zgvzp2r31zkg9xqgjim7mbknryv6bs-glibc-2.39-52/lib/crti.o /nix/store/14c6s4xzhy14i2b05s00rjns2j93gzz4-gcc-13.2.0/lib/gcc/x86_64-unknown-linux-gnu/13.2.0/crtbegin.o -L/nix/store/k7zgvzp2r31zkg9xqgjim7mbknryv6bs-glibc-2.39-52/lib -L/nix/store/14c6s4xzhy14i2b05s00rjns2j93gzz4-gcc-13.2.0/lib/gcc/x86_64-unknown-linux-gnu/13.2.0 -L/nix/store/xvzz97yk73hw03v5dhhz3j47ggwf1yq1-gcc-13.2.0-lib/lib -L/nix/store/xvzz97yk73hw03v5dhhz3j47ggwf1yq1-gcc-13.2.0-lib/lib -L/nix/store/k7zgvzp2r31zkg9xqgjim7mbknryv6bs-glibc-2.39-52/lib -L/nix/store/xvzz97yk73hw03v5dhhz3j47ggwf1yq1-gcc-13.2.0-lib/lib -L/nix/store/9bv7dcvmfcjnmg5mnqwqlq2wxfn8d7yi-gcc-wrapper-13.2.0/bin -L/nix/store/14c6s4xzhy14i2b05s00rjns2j93gzz4-gcc-13.2.0/lib/gcc/x86_64-unknown-linux-gnu/13.2.0 -L/nix/store/14c6s4xzhy14i2b05s00rjns2j93gzz4-gcc-13.2.0/lib/gcc/x86_64-unknown-linux-gnu/13.2.0/../../../../lib64 -L/nix/store/14c6s4xzhy14i2b05s00rjns2j93gzz4-gcc-13.2.0/lib/gcc/x86_64-unknown-linux-gnu/13.2.0/../../.. -dynamic-linker=/nix/store/k7zgvzp2r31zkg9xqgjim7mbknryv6bs-glibc-2.39-52/lib/ld-linux-x86-64.so.2 CMakeFiles/cmTC_af126.dir/CMakeCXXCompilerABI.cpp.o -lstdc++ -lm -lgcc_s -lgcc -lc -lgcc_s -lgcc /nix/store/14c6s4xzhy14i2b05s00rjns2j93gzz4-gcc-13.2.0/lib/gcc/x86_64-unknown-linux-gnu/13.2.0/crtend.o /nix/store/k7zgvzp2r31zkg9xqgjim7mbknryv6bs-glibc-2.39-52/lib/crtn.o]
    arg [/nix/store/14c6s4xzhy14i2b05s00rjns2j93gzz4-gcc-13.2.0/libexec/gcc/x86_64-unknown-linux-gnu/13.2.0/collect2] ==> ignore
    arg [-plugin] ==> ignore
    arg [/nix/store/14c6s4xzhy14i2b05s00rjns2j93gzz4-gcc-13.2.0/libexec/gcc/x86_64-unknown-linux-gnu/13.2.0/liblto_plugin.so] ==> ignore
    arg [-plugin-opt=/nix/store/14c6s4xzhy14i2b05s00rjns2j93gzz4-gcc-13.2.0/libexec/gcc/x86_64-unknown-linux-gnu/13.2.0/lto-wrapper] ==> ignore
    arg [-plugin-opt=-fresolution=/tmp/ccvCio2s.res] ==> ignore
    arg [-plugin-opt=-pass-through=-lgcc_s] ==> ignore
    arg [-plugin-opt=-pass-through=-lgcc] ==> ignore
    arg [-plugin-opt=-pass-through=-lc] ==> ignore
    arg [-plugin-opt=-pass-through=-lgcc_s] ==> ignore
    arg [-plugin-opt=-pass-through=-lgcc] ==> ignore
    arg [--eh-frame-hdr] ==> ignore
    arg [-m] ==> ignore
    arg [elf_x86_64] ==> ignore
    arg [-dynamic-linker] ==> ignore
    arg [/nix/store/k7zgvzp2r31zkg9xqgjim7mbknryv6bs-glibc-2.39-52/lib64/ld-linux-x86-64.so.2] ==> ignore
    arg [-o] ==> ignore
    arg [cmTC_af126] ==> ignore
    arg [/nix/store/k7zgvzp2r31zkg9xqgjim7mbknryv6bs-glibc-2.39-52/lib/crt1.o] ==> ignore
    arg [/nix/store/k7zgvzp2r31zkg9xqgjim7mbknryv6bs-glibc-2.39-52/lib/crti.o] ==> ignore
    arg [/nix/store/14c6s4xzhy14i2b05s00rjns2j93gzz4-gcc-13.2.0/lib/gcc/x86_64-unknown-linux-gnu/13.2.0/crtbegin.o] ==> ignore
    arg [-L/nix/store/k7zgvzp2r31zkg9xqgjim7mbknryv6bs-glibc-2.39-52/lib] ==> dir [/nix/store/k7zgvzp2r31zkg9xqgjim7mbknryv6bs-glibc-2.39-52/lib]
    arg [-L/nix/store/14c6s4xzhy14i2b05s00rjns2j93gzz4-gcc-13.2.0/lib/gcc/x86_64-unknown-linux-gnu/13.2.0] ==> dir [/nix/store/14c6s4xzhy14i2b05s00rjns2j93gzz4-gcc-13.2.0/lib/gcc/x86_64-unknown-linux-gnu/13.2.0]
    arg [-L/nix/store/xvzz97yk73hw03v5dhhz3j47ggwf1yq1-gcc-13.2.0-lib/lib] ==> dir [/nix/store/xvzz97yk73hw03v5dhhz3j47ggwf1yq1-gcc-13.2.0-lib/lib]
    arg [-L/nix/store/xvzz97yk73hw03v5dhhz3j47ggwf1yq1-gcc-13.2.0-lib/lib] ==> dir [/nix/store/xvzz97yk73hw03v5dhhz3j47ggwf1yq1-gcc-13.2.0-lib/lib]
    arg [-L/nix/store/k7zgvzp2r31zkg9xqgjim7mbknryv6bs-glibc-2.39-52/lib] ==> dir [/nix/store/k7zgvzp2r31zkg9xqgjim7mbknryv6bs-glibc-2.39-52/lib]
    arg [-L/nix/store/xvzz97yk73hw03v5dhhz3j47ggwf1yq1-gcc-13.2.0-lib/lib] ==> dir [/nix/store/xvzz97yk73hw03v5dhhz3j47ggwf1yq1-gcc-13.2.0-lib/lib]
    arg [-L/nix/store/9bv7dcvmfcjnmg5mnqwqlq2wxfn8d7yi-gcc-wrapper-13.2.0/bin] ==> dir [/nix/store/9bv7dcvmfcjnmg5mnqwqlq2wxfn8d7yi-gcc-wrapper-13.2.0/bin]
    arg [-L/nix/store/14c6s4xzhy14i2b05s00rjns2j93gzz4-gcc-13.2.0/lib/gcc/x86_64-unknown-linux-gnu/13.2.0] ==> dir [/nix/store/14c6s4xzhy14i2b05s00rjns2j93gzz4-gcc-13.2.0/lib/gcc/x86_64-unknown-linux-gnu/13.2.0]
    arg [-L/nix/store/14c6s4xzhy14i2b05s00rjns2j93gzz4-gcc-13.2.0/lib/gcc/x86_64-unknown-linux-gnu/13.2.0/../../../../lib64] ==> dir [/nix/store/14c6s4xzhy14i2b05s00rjns2j93gzz4-gcc-13.2.0/lib/gcc/x86_64-unknown-linux-gnu/13.2.0/../../../../lib64]
    arg [-L/nix/store/14c6s4xzhy14i2b05s00rjns2j93gzz4-gcc-13.2.0/lib/gcc/x86_64-unknown-linux-gnu/13.2.0/../../..] ==> dir [/nix/store/14c6s4xzhy14i2b05s00rjns2j93gzz4-gcc-13.2.0/lib/gcc/x86_64-unknown-linux-gnu/13.2.0/../../..]
    arg [-dynamic-linker=/nix/store/k7zgvzp2r31zkg9xqgjim7mbknryv6bs-glibc-2.39-52/lib/ld-linux-x86-64.so.2] ==> ignore
    arg [CMakeFiles/cmTC_af126.dir/CMakeCXXCompilerABI.cpp.o] ==> ignore
    arg [-lstdc++] ==> lib [stdc++]
    arg [-lm] ==> lib [m]
    arg [-lgcc_s] ==> lib [gcc_s]
    arg [-lgcc] ==> lib [gcc]
    arg [-lc] ==> lib [c]
    arg [-lgcc_s] ==> lib [gcc_s]
    arg [-lgcc] ==> lib [gcc]
    arg [/nix/store/14c6s4xzhy14i2b05s00rjns2j93gzz4-gcc-13.2.0/lib/gcc/x86_64-unknown-linux-gnu/13.2.0/crtend.o] ==> ignore
    arg [/nix/store/k7zgvzp2r31zkg9xqgjim7mbknryv6bs-glibc-2.39-52/lib/crtn.o] ==> ignore
  collapse library dir [/nix/store/k7zgvzp2r31zkg9xqgjim7mbknryv6bs-glibc-2.39-52/lib] ==> [/nix/store/k7zgvzp2r31zkg9xqgjim7mbknryv6bs-glibc-2.39-52/lib]
  collapse library dir [/nix/store/14c6s4xzhy14i2b05s00rjns2j93gzz4-gcc-13.2.0/lib/gcc/x86_64-unknown-linux-gnu/13.2.0] ==> [/nix/store/14c6s4xzhy14i2b05s00rjns2j93gzz4-gcc-13.2.0/lib/gcc/x86_64-unknown-linux-gnu/13.2.0]
  collapse library dir [/nix/store/xvzz97yk73hw03v5dhhz3j47ggwf1yq1-gcc-13.2.0-lib/lib] ==> [/nix/store/xvzz97yk73hw03v5dhhz3j47ggwf1yq1-gcc-13.2.0-lib/lib]
  collapse library dir [/nix/store/xvzz97yk73hw03v5dhhz3j47ggwf1yq1-gcc-13.2.0-lib/lib] ==> [/nix/store/xvzz97yk73hw03v5dhhz3j47ggwf1yq1-gcc-13.2.0-lib/lib]
  collapse library dir [/nix/store/k7zgvzp2r31zkg9xqgjim7mbknryv6bs-glibc-2.39-52/lib] ==> [/nix/store/k7zgvzp2r31zkg9xqgjim7mbknryv6bs-glibc-2.39-52/lib]
  collapse library dir [/nix/store/xvzz97yk73hw03v5dhhz3j47ggwf1yq1-gcc-13.2.0-lib/lib] ==> [/nix/store/xvzz97yk73hw03v5dhhz3j47ggwf1yq1-gcc-13.2.0-lib/lib]
  collapse library dir [/nix/store/9bv7dcvmfcjnmg5mnqwqlq2wxfn8d7yi-gcc-wrapper-13.2.0/bin] ==> [/nix/store/9bv7dcvmfcjnmg5mnqwqlq2wxfn8d7yi-gcc-wrapper-13.2.0/bin]
  collapse library dir [/nix/store/14c6s4xzhy14i2b05s00rjns2j93gzz4-gcc-13.2.0/lib/gcc/x86_64-unknown-linux-gnu/13.2.0] ==> [/nix/store/14c6s4xzhy14i2b05s00rjns2j93gzz4-gcc-13.2.0/lib/gcc/x86_64-unknown-linux-gnu/13.2.0]
  collapse library dir [/nix/store/14c6s4xzhy14i2b05s00rjns2j93gzz4-gcc-13.2.0/lib/gcc/x86_64-unknown-linux-gnu/13.2.0/../../../../lib64] ==> [/nix/store/14c6s4xzhy14i2b05s00rjns2j93gzz4-gcc-13.2.0/lib64]
  collapse library dir [/nix/store/14c6s4xzhy14i2b05s00rjns2j93gzz4-gcc-13.2.0/lib/gcc/x86_64-unknown-linux-gnu/13.2.0/../../..] ==> [/nix/store/14c6s4xzhy14i2b05s00rjns2j93gzz4-gcc-13.2.0/lib]
  implicit libs: [stdc++;m;gcc_s;gcc;c;gcc_s;gcc]
  implicit dirs: [/nix/store/k7zgvzp2r31zkg9xqgjim7mbknryv6bs-glibc-2.39-52/lib;/nix/store/14c6s4xzhy14i2b05s00rjns2j93gzz4-gcc-13.2.0/lib/gcc/x86_64-unknown-linux-gnu/13.2.0;/nix/store/xvzz97yk73hw03v5dhhz3j47ggwf1yq1-gcc-13.2.0-lib/lib;/nix/store/9bv7dcvmfcjnmg5mnqwqlq2wxfn8d7yi-gcc-wrapper-13.2.0/bin;/nix/store/14c6s4xzhy14i2b05s00rjns2j93gzz4-gcc-13.2.0/lib64;/nix/store/14c6s4xzhy14i2b05s00rjns2j93gzz4-gcc-13.2.0/lib]
  implicit fwks: []


Determining if the include file pthread.h exists passed with the following output:
Change Dir: /home/runner/workspace/build/CMakeFiles/CMakeTmp

Run Build Command(s):/nix/store/cdzpn0rdq810aknww3w9fy3wmw9ixr66-gnumake-4.4.1/bin/make cmTC_e0d74/fast && /nix/store/cdzpn0rdq810aknww3w9fy3wmw9ixr66-gnumake-4.4.1/bin/make  -f CMakeFiles/cmTC_e0d74.dir/build.make CMakeFiles/cmTC_e0d74.dir/build
make[1]: Entering directory '/home/runner/workspace/build/CMakeFiles/CMakeTmp'
Building CXX object CMakeFiles/cmTC_e0d74.dir/CheckIncludeFile.cxx.o
/nix/store/9bv7dcvmfcjnmg5mnqwqlq2wxfn8d7yi-gcc-wrapper-13.2.0/bin/g++   -std=c++2a -o CMakeFiles/cmTC_e0d74.dir/CheckIncludeFile.cxx.o -c /home/runner/workspace/build/CMakeFiles/CMakeTmp/CheckIncludeFile.cxx
Linking CXX executable cmTC_e0d74
/nix/store/cbxqzxwlga5pm9rk8qa8fgv5387r540l-cmake-3.19.7/bin/cmake -E cmake_link_script CMakeFiles/cmTC_e0d74.dir/link.txt --verbose=1
/nix/store/9bv7dcvmfcjnmg5mnqwqlq2wxfn8d7yi-gcc-wrapper-13.2.0/bin/g++ CMakeFiles/cmTC_e0d74.dir/CheckIncludeFile.cxx.o -o cmTC_e0d74 
make[1]: Leaving directory '/home/runner/workspace/build/CMakeFiles/CMakeTmp'



